Engine-Match 21 October 2020 13:08:56
 6 Half moves 

Pairing 1/1 :    BBC_1.3_sf_nnue_64bit_linux  -  Vice 1.0

PGN-File: /home/maksim/Tournaments/Arena Tournament1.pgn

No:  B/W 1/2     W:B       1:2           Time        Value Moves Dep 1:2       1-2-Draws
   1 * *     0,0:0,0        0,0:0,0       13:09:03    -0.02     8 5,400 :6,000  0-0-0

--------------------------------------------------------------

Engine-Match 21 October 2020 13:09:21
 Blitz 2/1 

Pairing 1/1 :    BBC_1.3_sf_nnue_64bit_linux  -  Vice 1.0

PGN-File: /home/maksim/Tournaments/Arena Tournament1.pgn

No:  B/W 1/2     W:B       1:2           Time        Value Moves Dep 1:2       1-2-Draws
   1 W 1    1,0:0,0        1,0:0,0       13:15:46      +M1    69 8,333 :8,738  1-0-0
   2 B 1    2,0:0,0        2,0:0,0       13:22:35      -M1    75 8,487 :9,000  2-0-0
   3 W 1    3,0:0,0        3,0:0,0       13:29:46      +M1    82 8,500 :8,989  3-0-0
   4 B 1    4,0:0,0        4,0:0,0       13:34:55      -M1    48 8,396 :8,883  4-0-0
   5 W 1    5,0:0,0        5,0:0,0       13:41:23      +M1    69 8,352 :8,844  5-0-0
   6 B 1    6,0:0,0        6,0:0,0       13:47:28      -M1    62 8,284 :8,706  6-0-0
   7 W 1    7,0:0,0        7,0:0,0       13:59:20      +M1   180 8,238 :8,709  7-0-0
   8 = =    7,5:0,5        7,5:0,5       14:09:51    -0.00   150 8,240 :8,700  7-0-1
   9 W 1    8,5:0,5        8,5:0,5       14:17:34      +M1    90 8,222 :8,663  8-0-1
  10 B 1    9,5:0,5        9,5:0,5       14:24:59      -M1    80 8,199 :8,641  9-0-1
