Engine-Match 18 October 2020 00:35:44
 Blitz 2/1 

Pairing 1/1 :    BBC NNUE [youtube]  -  Vice

PGN-File: /home/maksim/Tournaments/Arena Tournament.pgn

No:  B/W 1/2     W:B       1:2           Time        Value Moves Dep 1:2       1-2-Draws
   1 * *     0,0:0,0        0,0:0,0       00:35:57    -0.00     2 8,000 :0 0-0-0

--------------------------------------------------------------

Engine-Match 18 October 2020 00:36:14
 Blitz 2/1 

Pairing 1/1 :    BBC NNUE [youtube]  -  Vice

PGN-File: /home/maksim/Tournaments/Arena Tournament.pgn

No:  B/W 1/2     W:B       1:2           Time        Value Moves Dep 1:2       1-2-Draws
   1 * *     0,0:0,0        0,0:0,0       00:36:23    -0.00     1 0:0 0-0-0

--------------------------------------------------------------

Engine-Match 18 October 2020 00:36:40
 Blitz 2/1 

Pairing 1/1 :    BBC NNUE [youtube]  -  Vice

PGN-File: /home/maksim/Tournaments/Arena Tournament.pgn

No:  B/W 1/2     W:B       1:2           Time        Value Moves Dep 1:2       1-2-Draws
   1 W 1    1,0:0,0        1,0:0,0       00:43:10      +M1    68 6,933 :8,364  1-0-0
   2 B 1    2,0:0,0        2,0:0,0       00:50:17      -M1    79 7,173 :8,623  2-0-0
   3 W 1    3,0:0,0        3,0:0,0       00:55:57      +M1    56 7,183 :8,951  3-0-0
   4 B 1    4,0:0,0        4,0:0,0       01:03:25      -M1    86 7,360 :8,880  4-0-0
   5 W 1    5,0:0,0        5,0:0,0       01:08:18      +M1    45 7,319 :8,777  5-0-0
   6 B 1    6,0:0,0        6,0:0,0       01:10:59      -M1    21 7,340 :8,752  6-0-0
   7 W 1    7,0:0,0        7,0:0,0       01:16:00      +M1    47 7,223 :8,620  7-0-0
   8 W 2    8,0:0,0        7,0:1,0       01:22:19  +299.99    66 7,264 :8,665  7-1-0
   9 W 1    9,0:0,0        8,0:1,0       01:29:55      +M1    88 7,176 :8,611  8-1-0
  10 W 2    10,0:0,0       8,0:2,0       01:35:43  +299.99    58 7,192 :8,633  8-2-0
  11 W 1    11,0:0,0       9,0:2,0       01:39:19      +M1    30 7,177 :8,603  9-2-0
  12 = =    11,5:0,5       9,5:2,5       01:49:15    -0.00   135 7,108 :8,582  9-2-1
  13 W 1    12,5:0,5       10,5:2,5      01:53:57      +M1    42 7,080 :8,560  10-2-1
  14 = =    13,0:1,0       11,0:3,0      02:02:35    -3.87   109 7,077 :8,570  10-2-2
  15 W 1    14,0:1,0       12,0:3,0      02:10:29      +M1    96 7,068 :8,508  11-2-2
