Engine-Match 29 September 2020 14:38:51
 Blitz 0:30/0 

Pairing 1/1 :    BBC 1.1a  -  Vice

PGN-File: /home/maksim/Tournaments/Arena Tournament.pgn

No:  B/W 1/2     W:B       1:2           Time        Value Moves Dep 1:2       1-2-Draws
   1 W 1    1,0:0,0        1,0:0,0       14:40:27      +M1    76 6,816 :6,868  1-0-0
   2 B 1    2,0:0,0        2,0:0,0       14:41:43      -M1    52 6,851 :6,827  2-0-0
   3 W 1    3,0:0,0        3,0:0,0       14:42:50      +M1    44 6,910 :6,856  3-0-0
   4 W 2    4,0:0,0        3,0:1,0       14:44:19  +299.99    68 6,965 :6,889  3-1-0
   5 B 2    5,0:0,0        3,0:2,0       14:46:04  -299.99    89 7,006 :6,859  3-2-0
   6 B 1    6,0:0,0        4,0:2,0       14:47:35      -M1    70 7,081 :6,902  4-2-0
   7 = =    6,5:0,5        4,5:2,5       14:48:57    +3.32    58 7,183 :6,965  4-2-1
   8 = =    7,0:1,0        5,0:3,0       14:51:13    -0.00   135 7,167 :6,940  4-2-2
   9 W 1    8,0:1,0        6,0:3,0       14:52:42      +M1    68 7,120 :6,908  5-2-2
  10 B 1    9,0:1,0        7,0:3,0       14:53:56      -M1    50 7,128 :6,897  6-2-2
  11 B 2    10,0:1,0       7,0:4,0       14:55:15  -299.99    56 7,108 :6,890  6-3-2
  12 W 2    11,0:1,0       7,0:5,0       14:56:01  +299.99    26 7,133 :6,888  6-4-2
  13 W 1    12,0:1,0       8,0:5,0       14:57:24      +M1    60 7,111 :6,880  7-4-2
  14 B 1    13,0:1,0       9,0:5,0       14:58:44      -M1    57 7,120 :6,897  8-4-2
  15 W 1    14,0:1,0       10,0:5,0      15:00:03      +M1    57 7,121 :6,926  9-4-2
  16 B 1    15,0:1,0       11,0:5,0      15:01:07      -M1    40 7,140 :6,932  10-4-2
