Engine-Match 29 September 2020 20:54:16
 Blitz 2/1 

Pairing 1/1 :    BBC 1.1b  -  Vice

PGN-File: /home/maksim/Tournaments/Arena Tournament.pgn

No:  B/W 1/2     W:B       1:2           Time        Value Moves Dep 1:2       1-2-Draws
   1 B 2    1,0:0,0        0,0:1,0       21:00:54  -299.99    71 8,683 :8,475  0-1-0
   2 W 2    2,0:0,0        0,0:2,0       21:05:51  +299.99    46 9,048 :8,566  0-2-0
   3 W 1    3,0:0,0        1,0:2,0       21:12:20      +M1    69 9,065 :8,594  1-2-0
   4 B 1    4,0:0,0        2,0:2,0       21:16:27      -M1    35 9,065 :8,667  2-2-0
   5 B 2    5,0:0,0        2,0:3,0       21:21:39  -299.99    48 8,978 :8,481  2-3-0
   6 B 1    6,0:0,0        3,0:3,0       21:27:53      -M1    63 9,029 :8,507  3-3-0
   7 B 2    7,0:0,0        3,0:4,0       21:40:48    -9.00   198 9,061 :8,500  3-4-0
   8 W 2    8,0:0,0        3,0:5,0       21:50:09  +299.99   125 9,033 :8,471  3-5-0
   9 = =    8,5:0,5        3,5:5,5       21:58:33    -0.00   106 8,959 :8,494  3-5-1
  10 W 2    9,5:0,5        3,5:6,5       22:06:28    +5.41    95 8,977 :8,499  3-6-1
  11 W 1    10,5:0,5       4,5:6,5       22:12:53      +M1    68 9,010 :8,569  4-6-1
  12 = =    11,0:1,0       5,0:7,0       22:20:35    -0.12    90 9,019 :8,548  4-6-2
  13 B 2    12,0:1,0       5,0:8,0       22:28:34    -5.79    96 8,989 :8,533  4-7-2
  14 B 1    13,0:1,0       6,0:8,0       22:33:44      -M1    48 9,038 :8,567  5-7-2
  15 B 2    14,0:1,0       6,0:9,0       22:38:57  -299.89    49 9,035 :8,580  5-8-2
  16 B 1    15,0:1,0       7,0:9,0       22:41:52      -M1    23 9,048 :8,568  6-8-2
  17 W 1    16,0:1,0       8,0:9,0       22:46:36      +M1    43 9,058 :8,574  7-8-2
  18 W 2    17,0:1,0       8,0:10,0      22:52:52   +14.05    65 8,995 :8,523  7-9-2
  19 B 2    18,0:1,0       8,0:11,0      22:57:00  -299.99    35 9,045 :8,523  7-10-2
  20 B 1    19,0:1,0       9,0:11,0      23:02:35      -M1    54 9,052 :8,519  8-10-2
